2024-02-24 00:47:53 [main] INFO  i.a.targetgencloner.TargetGenCloner - *** Starting TargetGen application. ***
2024-02-24 00:47:54 [main] INFO  i.a.targetgencloner.TargetGenCloner - JAXBUtils: in.adarshr.targetcloner.data.TargetDetails@1972e513
2024-02-24 00:47:54 [main] ERROR i.a.targetgencloner.utils.JaxbUtils - Error occurred while unmarshalling the XML file: BAG_ABC_4.29.0.target
2024-02-24 00:47:54 [main] ERROR i.a.targetgencloner.TargetGenCloner - Global exception handler caught: 
java.lang.RuntimeException: jakarta.xml.bind.UnmarshalException: unexpected element (uri:"in.adarshr.targetcloner.data/TargetGenCloner.xsd", local:"target"). Expected elements are <{http://in.adarshr.targetcloner.data/TargetGenCloner.xsd}target>,<{http://in.adarshr.targetcloner.data/TargetGenCloner.xsd}targetDetails>
	at in.adarshr.targetcloner.helper.JaxbHelper.unmarshallWithoutNamespace(JaxbUtils.java:101)
	at in.adarshr.targetcloner.TargetCloner.apply(TargetGenCloner.java:153)
	at java.base/java.util.stream.ReferencePipeline$3$1.accept(ReferencePipeline.java:197)
	at java.base/java.util.AbstractList$RandomAccessSpliterator.forEachRemaining(AbstractList.java:722)
	at java.base/java.util.stream.AbstractPipeline.copyInto(AbstractPipeline.java:509)
	at java.base/java.util.stream.AbstractPipeline.wrapAndCopyInto(AbstractPipeline.java:499)
	at java.base/java.util.stream.AbstractPipeline.evaluate(AbstractPipeline.java:575)
	at java.base/java.util.stream.AbstractPipeline.evaluateToArrayNode(AbstractPipeline.java:260)
	at java.base/java.util.stream.ReferencePipeline.toArray(ReferencePipeline.java:616)
	at java.base/java.util.stream.ReferencePipeline.toArray(ReferencePipeline.java:622)
	at java.base/java.util.stream.ReferencePipeline.toList(ReferencePipeline.java:627)
	at in.adarshr.targetcloner.TargetCloner.unmarshalTargetFiles(TargetGenCloner.java:150)
	at in.adarshr.targetcloner.TargetCloner.main(TargetGenCloner.java:49)
Caused by: jakarta.xml.bind.UnmarshalException: unexpected element (uri:"in.adarshr.targetcloner.data/TargetGenCloner.xsd", local:"target"). Expected elements are <{http://in.adarshr.targetcloner.data/TargetGenCloner.xsd}target>,<{http://in.adarshr.targetcloner.data/TargetGenCloner.xsd}targetDetails>
	at org.glassfish.jaxb.runtime.v2.runtime.unmarshaller.UnmarshallingContext.handleEvent(UnmarshallingContext.java:693)
	at org.glassfish.jaxb.runtime.v2.runtime.unmarshaller.Loader.reportError(Loader.java:230)
	at org.glassfish.jaxb.runtime.v2.runtime.unmarshaller.Loader.reportError(Loader.java:225)
	at org.glassfish.jaxb.runtime.v2.runtime.unmarshaller.Loader.reportUnexpectedChildElement(Loader.java:92)
	at org.glassfish.jaxb.runtime.v2.runtime.unmarshaller.UnmarshallingContext$DefaultRootLoader.childElement(UnmarshallingContext.java:1098)
	at org.glassfish.jaxb.runtime.v2.runtime.unmarshaller.UnmarshallingContext._startElement(UnmarshallingContext.java:527)
	at org.glassfish.jaxb.runtime.v2.runtime.unmarshaller.UnmarshallingContext.startElement(UnmarshallingContext.java:509)
	at org.glassfish.jaxb.runtime.v2.runtime.unmarshaller.SAXConnector.startElement(SAXConnector.java:137)
	at java.xml/org.xml.sax.helpers.XMLFilterImpl.startElement(XMLFilterImpl.java:539)
	at in.adarshr.targetcloner.filter.NameSpaceFilter.startElement(NameSpaceFilter.java:43)
	at java.xml/com.sun.org.apache.xerces.internal.parsers.AbstractSAXParser.startElement(AbstractSAXParser.java:518)
	at java.xml/com.sun.org.apache.xerces.internal.impl.dtd.XMLDTDValidator.startElement(XMLDTDValidator.java:731)
	at java.xml/com.sun.org.apache.xerces.internal.impl.XMLDocumentFragmentScannerImpl.scanStartElement(XMLDocumentFragmentScannerImpl.java:1407)
	at java.xml/com.sun.org.apache.xerces.internal.impl.XMLDocumentScannerImpl$ContentDriver.scanRootElementHook(XMLDocumentScannerImpl.java:1292)
	at java.xml/com.sun.org.apache.xerces.internal.impl.XMLDocumentFragmentScannerImpl$FragmentContentDriver.next(XMLDocumentFragmentScannerImpl.java:3079)
	at java.xml/com.sun.org.apache.xerces.internal.impl.XMLDocumentScannerImpl$PrologDriver.next(XMLDocumentScannerImpl.java:836)
	at java.xml/com.sun.org.apache.xerces.internal.impl.XMLDocumentScannerImpl.next(XMLDocumentScannerImpl.java:605)
	at java.xml/com.sun.org.apache.xerces.internal.impl.XMLDocumentFragmentScannerImpl.scanDocument(XMLDocumentFragmentScannerImpl.java:542)
	at java.xml/com.sun.org.apache.xerces.internal.parsers.XML11Configuration.parse(XML11Configuration.java:889)
	at java.xml/com.sun.org.apache.xerces.internal.parsers.XML11Configuration.parse(XML11Configuration.java:825)
	at java.xml/com.sun.org.apache.xerces.internal.parsers.XMLParser.parse(XMLParser.java:141)
	at java.xml/com.sun.org.apache.xerces.internal.parsers.AbstractSAXParser.parse(AbstractSAXParser.java:1224)
	at java.xml/com.sun.org.apache.xerces.internal.jaxp.SAXParserImpl$JAXPSAXParser.parse(SAXParserImpl.java:637)
	at java.xml/org.xml.sax.helpers.XMLFilterImpl.parse(XMLFilterImpl.java:345)
	at org.glassfish.jaxb.runtime.v2.runtime.unmarshaller.UnmarshallerImpl.unmarshal0(UnmarshallerImpl.java:218)
	at org.glassfish.jaxb.runtime.v2.runtime.unmarshaller.UnmarshallerImpl.unmarshal(UnmarshallerImpl.java:189)
	at jakarta.xml.bind.helpers.AbstractUnmarshallerImpl.unmarshal(AbstractUnmarshallerImpl.java:128)
	at jakarta.xml.bind.helpers.AbstractUnmarshallerImpl.unmarshal(AbstractUnmarshallerImpl.java:111)
	at in.adarshr.targetcloner.helper.JaxbHelper.unmarshallWithoutNamespace(JaxbUtils.java:98)
	... 12 common frames omitted
2024-02-24 00:48:09 [main] INFO  i.a.targetgencloner.TargetGenCloner - *** Starting TargetGen application. ***
2024-02-24 00:48:09 [main] INFO  i.a.targetgencloner.TargetGenCloner - JAXBUtils: in.adarshr.targetcloner.data.TargetDetails@5524cca1
2024-02-24 00:48:09 [main] ERROR i.a.targetgencloner.utils.JaxbUtils - Error occurred while unmarshalling the XML file: BAG_ABC_4.29.0.target
2024-02-24 00:48:09 [main] ERROR i.a.targetgencloner.TargetGenCloner - Global exception handler caught: 
java.lang.RuntimeException: jakarta.xml.bind.UnmarshalException: unexpected element (uri:"in.adarshr.targetcloner.data/TargetGenCloner.xsd", local:"target"). Expected elements are <{http://in.adarshr.targetcloner.data/TargetGenCloner.xsd}target>,<{http://in.adarshr.targetcloner.data/TargetGenCloner.xsd}targetDetails>
	at in.adarshr.targetcloner.helper.JaxbHelper.unmarshallWithoutNamespace(JaxbUtils.java:101)
	at in.adarshr.targetcloner.TargetCloner.apply(TargetGenCloner.java:153)
	at java.base/java.util.stream.ReferencePipeline$3$1.accept(ReferencePipeline.java:197)
	at java.base/java.util.AbstractList$RandomAccessSpliterator.forEachRemaining(AbstractList.java:722)
	at java.base/java.util.stream.AbstractPipeline.copyInto(AbstractPipeline.java:509)
	at java.base/java.util.stream.AbstractPipeline.wrapAndCopyInto(AbstractPipeline.java:499)
	at java.base/java.util.stream.AbstractPipeline.evaluate(AbstractPipeline.java:575)
	at java.base/java.util.stream.AbstractPipeline.evaluateToArrayNode(AbstractPipeline.java:260)
	at java.base/java.util.stream.ReferencePipeline.toArray(ReferencePipeline.java:616)
	at java.base/java.util.stream.ReferencePipeline.toArray(ReferencePipeline.java:622)
	at java.base/java.util.stream.ReferencePipeline.toList(ReferencePipeline.java:627)
	at in.adarshr.targetcloner.TargetCloner.unmarshalTargetFiles(TargetGenCloner.java:150)
	at in.adarshr.targetcloner.TargetCloner.main(TargetGenCloner.java:49)
Caused by: jakarta.xml.bind.UnmarshalException: unexpected element (uri:"in.adarshr.targetcloner.data/TargetGenCloner.xsd", local:"target"). Expected elements are <{http://in.adarshr.targetcloner.data/TargetGenCloner.xsd}target>,<{http://in.adarshr.targetcloner.data/TargetGenCloner.xsd}targetDetails>
	at org.glassfish.jaxb.runtime.v2.runtime.unmarshaller.UnmarshallingContext.handleEvent(UnmarshallingContext.java:693)
	at org.glassfish.jaxb.runtime.v2.runtime.unmarshaller.Loader.reportError(Loader.java:230)
	at org.glassfish.jaxb.runtime.v2.runtime.unmarshaller.Loader.reportError(Loader.java:225)
	at org.glassfish.jaxb.runtime.v2.runtime.unmarshaller.Loader.reportUnexpectedChildElement(Loader.java:92)
	at org.glassfish.jaxb.runtime.v2.runtime.unmarshaller.UnmarshallingContext$DefaultRootLoader.childElement(UnmarshallingContext.java:1098)
	at org.glassfish.jaxb.runtime.v2.runtime.unmarshaller.UnmarshallingContext._startElement(UnmarshallingContext.java:527)
	at org.glassfish.jaxb.runtime.v2.runtime.unmarshaller.UnmarshallingContext.startElement(UnmarshallingContext.java:509)
	at org.glassfish.jaxb.runtime.v2.runtime.unmarshaller.SAXConnector.startElement(SAXConnector.java:137)
	at java.xml/org.xml.sax.helpers.XMLFilterImpl.startElement(XMLFilterImpl.java:539)
	at in.adarshr.targetcloner.filter.NameSpaceFilter.startElement(NameSpaceFilter.java:39)
	at java.xml/com.sun.org.apache.xerces.internal.parsers.AbstractSAXParser.startElement(AbstractSAXParser.java:518)
	at java.xml/com.sun.org.apache.xerces.internal.impl.dtd.XMLDTDValidator.startElement(XMLDTDValidator.java:731)
	at java.xml/com.sun.org.apache.xerces.internal.impl.XMLDocumentFragmentScannerImpl.scanStartElement(XMLDocumentFragmentScannerImpl.java:1407)
	at java.xml/com.sun.org.apache.xerces.internal.impl.XMLDocumentScannerImpl$ContentDriver.scanRootElementHook(XMLDocumentScannerImpl.java:1292)
	at java.xml/com.sun.org.apache.xerces.internal.impl.XMLDocumentFragmentScannerImpl$FragmentContentDriver.next(XMLDocumentFragmentScannerImpl.java:3079)
	at java.xml/com.sun.org.apache.xerces.internal.impl.XMLDocumentScannerImpl$PrologDriver.next(XMLDocumentScannerImpl.java:836)
	at java.xml/com.sun.org.apache.xerces.internal.impl.XMLDocumentScannerImpl.next(XMLDocumentScannerImpl.java:605)
	at java.xml/com.sun.org.apache.xerces.internal.impl.XMLDocumentFragmentScannerImpl.scanDocument(XMLDocumentFragmentScannerImpl.java:542)
	at java.xml/com.sun.org.apache.xerces.internal.parsers.XML11Configuration.parse(XML11Configuration.java:889)
	at java.xml/com.sun.org.apache.xerces.internal.parsers.XML11Configuration.parse(XML11Configuration.java:825)
	at java.xml/com.sun.org.apache.xerces.internal.parsers.XMLParser.parse(XMLParser.java:141)
	at java.xml/com.sun.org.apache.xerces.internal.parsers.AbstractSAXParser.parse(AbstractSAXParser.java:1224)
	at java.xml/com.sun.org.apache.xerces.internal.jaxp.SAXParserImpl$JAXPSAXParser.parse(SAXParserImpl.java:637)
	at java.xml/org.xml.sax.helpers.XMLFilterImpl.parse(XMLFilterImpl.java:345)
	at org.glassfish.jaxb.runtime.v2.runtime.unmarshaller.UnmarshallerImpl.unmarshal0(UnmarshallerImpl.java:218)
	at org.glassfish.jaxb.runtime.v2.runtime.unmarshaller.UnmarshallerImpl.unmarshal(UnmarshallerImpl.java:189)
	at jakarta.xml.bind.helpers.AbstractUnmarshallerImpl.unmarshal(AbstractUnmarshallerImpl.java:128)
	at jakarta.xml.bind.helpers.AbstractUnmarshallerImpl.unmarshal(AbstractUnmarshallerImpl.java:111)
	at in.adarshr.targetcloner.helper.JaxbHelper.unmarshallWithoutNamespace(JaxbUtils.java:98)
	... 12 common frames omitted
2024-02-24 00:50:36 [main] INFO  i.a.targetgencloner.TargetGenCloner - *** Starting TargetGen application. ***
2024-02-24 00:50:37 [main] INFO  i.a.targetgencloner.TargetGenCloner - JAXBUtils: in.adarshr.targetcloner.data.TargetDetails@5524cca1
2024-02-24 00:50:37 [main] ERROR i.a.targetgencloner.utils.JaxbUtils - Error occurred while unmarshalling the XML file: BAG_ABC_4.29.0.target
2024-02-24 00:50:37 [main] ERROR i.a.targetgencloner.TargetGenCloner - Global exception handler caught: 
java.lang.RuntimeException: jakarta.xml.bind.UnmarshalException: unexpected element (uri:"in.adarshr.targetcloner.data/TargetGenCloner.xsd", local:"target"). Expected elements are <{http://in.adarshr.targetcloner.data/TargetGenCloner.xsd}target>,<{http://in.adarshr.targetcloner.data/TargetGenCloner.xsd}targetDetails>
	at in.adarshr.targetcloner.helper.JaxbHelper.unmarshallWithoutNamespace(JaxbUtils.java:140)
	at in.adarshr.targetcloner.TargetCloner.apply(TargetGenCloner.java:153)
	at java.base/java.util.stream.ReferencePipeline$3$1.accept(ReferencePipeline.java:197)
	at java.base/java.util.AbstractList$RandomAccessSpliterator.forEachRemaining(AbstractList.java:722)
	at java.base/java.util.stream.AbstractPipeline.copyInto(AbstractPipeline.java:509)
	at java.base/java.util.stream.AbstractPipeline.wrapAndCopyInto(AbstractPipeline.java:499)
	at java.base/java.util.stream.AbstractPipeline.evaluate(AbstractPipeline.java:575)
	at java.base/java.util.stream.AbstractPipeline.evaluateToArrayNode(AbstractPipeline.java:260)
	at java.base/java.util.stream.ReferencePipeline.toArray(ReferencePipeline.java:616)
	at java.base/java.util.stream.ReferencePipeline.toArray(ReferencePipeline.java:622)
	at java.base/java.util.stream.ReferencePipeline.toList(ReferencePipeline.java:627)
	at in.adarshr.targetcloner.TargetCloner.unmarshalTargetFiles(TargetGenCloner.java:150)
	at in.adarshr.targetcloner.TargetCloner.main(TargetGenCloner.java:49)
Caused by: jakarta.xml.bind.UnmarshalException: unexpected element (uri:"in.adarshr.targetcloner.data/TargetGenCloner.xsd", local:"target"). Expected elements are <{http://in.adarshr.targetcloner.data/TargetGenCloner.xsd}target>,<{http://in.adarshr.targetcloner.data/TargetGenCloner.xsd}targetDetails>
	at org.glassfish.jaxb.runtime.v2.runtime.unmarshaller.UnmarshallingContext.handleEvent(UnmarshallingContext.java:693)
	at org.glassfish.jaxb.runtime.v2.runtime.unmarshaller.Loader.reportError(Loader.java:230)
	at org.glassfish.jaxb.runtime.v2.runtime.unmarshaller.Loader.reportError(Loader.java:225)
	at org.glassfish.jaxb.runtime.v2.runtime.unmarshaller.Loader.reportUnexpectedChildElement(Loader.java:92)
	at org.glassfish.jaxb.runtime.v2.runtime.unmarshaller.UnmarshallingContext$DefaultRootLoader.childElement(UnmarshallingContext.java:1098)
	at org.glassfish.jaxb.runtime.v2.runtime.unmarshaller.UnmarshallingContext._startElement(UnmarshallingContext.java:527)
	at org.glassfish.jaxb.runtime.v2.runtime.unmarshaller.UnmarshallingContext.startElement(UnmarshallingContext.java:509)
	at org.glassfish.jaxb.runtime.v2.runtime.unmarshaller.SAXConnector.startElement(SAXConnector.java:137)
	at java.xml/org.xml.sax.helpers.XMLFilterImpl.startElement(XMLFilterImpl.java:539)
	at in.adarshr.targetcloner.filter.NameSpaceFilter.startElement(NameSpaceFilter.java:39)
	at java.xml/com.sun.org.apache.xerces.internal.parsers.AbstractSAXParser.startElement(AbstractSAXParser.java:518)
	at java.xml/com.sun.org.apache.xerces.internal.impl.dtd.XMLDTDValidator.startElement(XMLDTDValidator.java:731)
	at java.xml/com.sun.org.apache.xerces.internal.impl.XMLDocumentFragmentScannerImpl.scanStartElement(XMLDocumentFragmentScannerImpl.java:1407)
	at java.xml/com.sun.org.apache.xerces.internal.impl.XMLDocumentScannerImpl$ContentDriver.scanRootElementHook(XMLDocumentScannerImpl.java:1292)
	at java.xml/com.sun.org.apache.xerces.internal.impl.XMLDocumentFragmentScannerImpl$FragmentContentDriver.next(XMLDocumentFragmentScannerImpl.java:3079)
	at java.xml/com.sun.org.apache.xerces.internal.impl.XMLDocumentScannerImpl$PrologDriver.next(XMLDocumentScannerImpl.java:836)
	at java.xml/com.sun.org.apache.xerces.internal.impl.XMLDocumentScannerImpl.next(XMLDocumentScannerImpl.java:605)
	at java.xml/com.sun.org.apache.xerces.internal.impl.XMLDocumentFragmentScannerImpl.scanDocument(XMLDocumentFragmentScannerImpl.java:542)
	at java.xml/com.sun.org.apache.xerces.internal.parsers.XML11Configuration.parse(XML11Configuration.java:889)
	at java.xml/com.sun.org.apache.xerces.internal.parsers.XML11Configuration.parse(XML11Configuration.java:825)
	at java.xml/com.sun.org.apache.xerces.internal.parsers.XMLParser.parse(XMLParser.java:141)
	at java.xml/com.sun.org.apache.xerces.internal.parsers.AbstractSAXParser.parse(AbstractSAXParser.java:1224)
	at java.xml/com.sun.org.apache.xerces.internal.jaxp.SAXParserImpl$JAXPSAXParser.parse(SAXParserImpl.java:637)
	at java.xml/org.xml.sax.helpers.XMLFilterImpl.parse(XMLFilterImpl.java:345)
	at org.glassfish.jaxb.runtime.v2.runtime.unmarshaller.UnmarshallerImpl.unmarshal0(UnmarshallerImpl.java:218)
	at org.glassfish.jaxb.runtime.v2.runtime.unmarshaller.UnmarshallerImpl.unmarshal(UnmarshallerImpl.java:189)
	at jakarta.xml.bind.helpers.AbstractUnmarshallerImpl.unmarshal(AbstractUnmarshallerImpl.java:128)
	at jakarta.xml.bind.helpers.AbstractUnmarshallerImpl.unmarshal(AbstractUnmarshallerImpl.java:111)
	at in.adarshr.targetcloner.helper.JaxbHelper.unmarshallWithoutNamespace(JaxbUtils.java:137)
	... 12 common frames omitted
2024-02-24 00:51:02 [main] INFO  i.a.targetgencloner.TargetGenCloner - *** Starting TargetGen application. ***
2024-02-24 00:51:03 [main] INFO  i.a.targetgencloner.TargetGenCloner - JAXBUtils: in.adarshr.targetcloner.data.TargetDetails@5524cca1
2024-02-24 00:51:03 [main] ERROR i.a.t.utils.TargetGenClonerUtil - Invalid delivery deliveryReport url: no protocol: deliveryReport/DeliveryReport.txt
2024-02-24 00:51:03 [main] INFO  i.a.t.utils.ReportUtils - *** Delivery Report Data from File. ***
2024-02-24 00:51:03 [main] INFO  i.a.targetgencloner.TargetGenCloner - *** Delivery deliveryReport data set completed. ***
2024-02-24 00:51:03 [main] INFO  i.a.t.utils.ReportUtils - Begin getting jar urls from deliveryReport
2024-02-24 00:51:03 [main] INFO  i.a.t.utils.ReportUtils - Before repoData URL: https://download.eclipse.org/$GROUP$/$ARTIFACT$/release/$VERSION$
2024-02-24 00:51:03 [main] INFO  i.a.t.utils.ReportUtils - After repoData URL: https://download.eclipse.org/tools.orbit.simrel/orbit-aggregation/release/4.29.0/content.jar
2024-02-24 00:51:03 [main] INFO  i.a.t.utils.ReportUtils - Before repoData URL: https://download.eclipse.org/tools/orbit/simrel/orbit-aggregation/release/$VERSION$
2024-02-24 00:51:03 [main] INFO  i.a.t.utils.ReportUtils - After repoData URL: https://download.eclipse.org/tools/orbit/simrel/orbit-aggregation/release/4.30.0/content.jar
2024-02-24 00:51:03 [main] INFO  i.a.t.utils.ReportUtils - Jar urls from deliveryReport: [Repo: tools.orbit.simrel:orbit-aggregation, Repo: in.adarshr:targetgen]
2024-02-24 00:51:03 [main] INFO  i.a.targetgencloner.TargetGenCloner - *** Repo Jar Urls creation based on delivery deliveryReport is completed. ***
2024-02-24 00:51:03 [main] INFO  i.a.t.utils.ConnectionUtil - Downloading JAR from URL: https://download.eclipse.org/tools/orbit/simrel/orbit-aggregation/release/4.30.0/content.jar
2024-02-24 00:51:03 [ForkJoinPool.commonPool-worker-1] INFO  i.a.t.utils.ConnectionUtil - Downloading JAR from URL: https://download.eclipse.org/tools.orbit.simrel/orbit-aggregation/release/4.29.0/content.jar
2024-02-24 00:51:05 [ForkJoinPool.commonPool-worker-1] ERROR i.a.t.utils.ConnectionUtil - Failed to open or read JAR from URL: https://download.eclipse.org/tools.orbit.simrel/orbit-aggregation/release/4.29.0/content.jar
2024-02-24 00:51:05 [main] ERROR i.a.t.utils.ConnectionUtil - Failed to open or read JAR from URL: https://download.eclipse.org/tools/orbit/simrel/orbit-aggregation/release/4.30.0/content.jar
2024-02-24 00:51:05 [main] INFO  i.a.targetgencloner.TargetGenCloner - *** Repo Jar Urls download completed. ***
2024-02-24 00:51:06 [ForkJoinPool.commonPool-worker-1] ERROR i.a.targetgencloner.utils.XMLUtils - XML is null or empty
2024-02-24 00:51:06 [main] INFO  i.a.targetgencloner.TargetGenCloner - *** Repo Jar Urls parsing completed. ***
2024-02-24 00:51:06 [main] INFO  i.a.t.utils.ReportUtils - Before repoData URL: https://download.eclipse.org/$GROUP$/$ARTIFACT$/release/$VERSION$
2024-02-24 00:51:06 [main] INFO  i.a.t.utils.ReportUtils - After repoData URL: https://download.eclipse.org/tools.orbit.simrel/orbit-aggregation/release/4.29.0/content.jar
2024-02-24 00:51:06 [main] INFO  i.a.t.utils.ReportUtils - Before repoData URL: https://download.eclipse.org/tools/orbit/simrel/orbit-aggregation/release/$VERSION$
2024-02-24 00:51:06 [main] INFO  i.a.t.utils.ReportUtils - After repoData URL: https://download.eclipse.org/tools/orbit/simrel/orbit-aggregation/release/4.30.0/content.jar
2024-02-24 00:51:06 [main] INFO  i.a.targetgencloner.TargetGenCloner - *** Repo Map List created based on delivery deliveryReport completed. ***
2024-02-24 00:51:06 [main] INFO  i.a.targetgencloner.TargetGenCloner - *** Target file creation completed. ***
2024-02-24 00:51:06 [main] INFO  i.a.targetgencloner.utils.XMLUtils - File created successfully C:\Users\adarz\IdeaProjects\TargetGenCloner\output\BAG_ABC_4.29.0_4.29.0.target
2024-02-24 00:51:06 [main] INFO  i.a.targetgencloner.utils.XMLUtils - XML file created successfully
2024-02-24 00:51:06 [main] INFO  i.a.targetgencloner.TargetGenCloner - *** Target files are written to disk. ***
2024-02-24 00:51:06 [main] INFO  i.a.targetgencloner.TargetGenCloner - *** All tasks completed. ***
2024-02-24 10:27:26 [main] INFO  i.adarshr.targetcloner.TargetCloner - *** Starting TargetGen application. ***
2024-02-24 10:27:26 [main] ERROR i.adarshr.targetcloner.TargetCloner - Failed to unmarshal input XML file: null
2024-02-24 10:27:26 [main] ERROR i.adarshr.targetcloner.TargetCloner - *** Unable to parse input XML file. Exiting the application. ***
2024-02-24 10:28:33 [main] INFO  i.adarshr.targetcloner.TargetCloner - *** Starting TargetCloner application. ***
2024-02-24 10:28:33 [main] ERROR i.adarshr.targetcloner.TargetCloner - Failed to unmarshal input XML file: null
2024-02-24 10:28:33 [main] ERROR i.adarshr.targetcloner.TargetCloner - *** Unable to parse input XML file. Exiting the application. ***
2024-02-24 10:29:27 [main] INFO  i.adarshr.targetcloner.TargetCloner - *** Starting TargetCloner application. ***
2024-02-24 10:29:27 [main] INFO  i.adarshr.targetcloner.TargetCloner - JAXBUtils: in.adarshr.targetcloner.data.TargetDetails@5524cca1
2024-02-24 10:29:27 [main] ERROR i.adarshr.targetcloner.TargetCloner - Global exception handler caught: 
java.lang.RuntimeException: jakarta.xml.bind.UnmarshalException: unexpected element (uri:"http://in.adarshr.targetgencloner.data/TargetGenCloner.xsd", local:"target"). Expected elements are <{http://in.adarshr.targetcloner.data/TargetCloner.xsd}target>,<{http://in.adarshr.targetcloner.data/TargetCloner.xsd}targetDetails>
	at in.adarshr.targetcloner.helper.JaxbHelper.unmarshallWithoutNamespace(JaxbHelper.java:90)
	at in.adarshr.targetcloner.TargetCloner.apply(TargetCloner.java:170)
	at java.base/java.util.stream.ReferencePipeline$3$1.accept(ReferencePipeline.java:197)
	at java.base/java.util.AbstractList$RandomAccessSpliterator.forEachRemaining(AbstractList.java:722)
	at java.base/java.util.stream.AbstractPipeline.copyInto(AbstractPipeline.java:509)
	at java.base/java.util.stream.AbstractPipeline.wrapAndCopyInto(AbstractPipeline.java:499)
	at java.base/java.util.stream.AbstractPipeline.evaluate(AbstractPipeline.java:575)
	at java.base/java.util.stream.AbstractPipeline.evaluateToArrayNode(AbstractPipeline.java:260)
	at java.base/java.util.stream.ReferencePipeline.toArray(ReferencePipeline.java:616)
	at java.base/java.util.stream.ReferencePipeline.toArray(ReferencePipeline.java:622)
	at java.base/java.util.stream.ReferencePipeline.toList(ReferencePipeline.java:627)
	at in.adarshr.targetcloner.TargetCloner.unmarshalTargetFiles(TargetCloner.java:160)
	at in.adarshr.targetcloner.TargetCloner.main(TargetCloner.java:53)
Caused by: jakarta.xml.bind.UnmarshalException: unexpected element (uri:"http://in.adarshr.targetgencloner.data/TargetGenCloner.xsd", local:"target"). Expected elements are <{http://in.adarshr.targetcloner.data/TargetCloner.xsd}target>,<{http://in.adarshr.targetcloner.data/TargetCloner.xsd}targetDetails>
	at org.glassfish.jaxb.runtime.v2.runtime.unmarshaller.UnmarshallingContext.handleEvent(UnmarshallingContext.java:693)
	at org.glassfish.jaxb.runtime.v2.runtime.unmarshaller.Loader.reportError(Loader.java:230)
	at org.glassfish.jaxb.runtime.v2.runtime.unmarshaller.Loader.reportError(Loader.java:225)
	at org.glassfish.jaxb.runtime.v2.runtime.unmarshaller.Loader.reportUnexpectedChildElement(Loader.java:92)
	at org.glassfish.jaxb.runtime.v2.runtime.unmarshaller.UnmarshallingContext$DefaultRootLoader.childElement(UnmarshallingContext.java:1098)
	at org.glassfish.jaxb.runtime.v2.runtime.unmarshaller.UnmarshallingContext._startElement(UnmarshallingContext.java:527)
	at org.glassfish.jaxb.runtime.v2.runtime.unmarshaller.UnmarshallingContext.startElement(UnmarshallingContext.java:509)
	at org.glassfish.jaxb.runtime.v2.runtime.unmarshaller.SAXConnector.startElement(SAXConnector.java:137)
	at java.xml/org.xml.sax.helpers.XMLFilterImpl.startElement(XMLFilterImpl.java:539)
	at in.adarshr.targetcloner.filter.NameSpaceFilter.startElement(NameSpaceFilter.java:39)
	at java.xml/com.sun.org.apache.xerces.internal.parsers.AbstractSAXParser.startElement(AbstractSAXParser.java:518)
	at java.xml/com.sun.org.apache.xerces.internal.impl.dtd.XMLDTDValidator.startElement(XMLDTDValidator.java:731)
	at java.xml/com.sun.org.apache.xerces.internal.impl.XMLDocumentFragmentScannerImpl.scanStartElement(XMLDocumentFragmentScannerImpl.java:1407)
	at java.xml/com.sun.org.apache.xerces.internal.impl.XMLDocumentScannerImpl$ContentDriver.scanRootElementHook(XMLDocumentScannerImpl.java:1292)
	at java.xml/com.sun.org.apache.xerces.internal.impl.XMLDocumentFragmentScannerImpl$FragmentContentDriver.next(XMLDocumentFragmentScannerImpl.java:3079)
	at java.xml/com.sun.org.apache.xerces.internal.impl.XMLDocumentScannerImpl$PrologDriver.next(XMLDocumentScannerImpl.java:836)
	at java.xml/com.sun.org.apache.xerces.internal.impl.XMLDocumentScannerImpl.next(XMLDocumentScannerImpl.java:605)
	at java.xml/com.sun.org.apache.xerces.internal.impl.XMLDocumentFragmentScannerImpl.scanDocument(XMLDocumentFragmentScannerImpl.java:542)
	at java.xml/com.sun.org.apache.xerces.internal.parsers.XML11Configuration.parse(XML11Configuration.java:889)
	at java.xml/com.sun.org.apache.xerces.internal.parsers.XML11Configuration.parse(XML11Configuration.java:825)
	at java.xml/com.sun.org.apache.xerces.internal.parsers.XMLParser.parse(XMLParser.java:141)
	at java.xml/com.sun.org.apache.xerces.internal.parsers.AbstractSAXParser.parse(AbstractSAXParser.java:1224)
	at java.xml/com.sun.org.apache.xerces.internal.jaxp.SAXParserImpl$JAXPSAXParser.parse(SAXParserImpl.java:637)
	at java.xml/org.xml.sax.helpers.XMLFilterImpl.parse(XMLFilterImpl.java:345)
	at org.glassfish.jaxb.runtime.v2.runtime.unmarshaller.UnmarshallerImpl.unmarshal0(UnmarshallerImpl.java:218)
	at org.glassfish.jaxb.runtime.v2.runtime.unmarshaller.UnmarshallerImpl.unmarshal(UnmarshallerImpl.java:189)
	at jakarta.xml.bind.helpers.AbstractUnmarshallerImpl.unmarshal(AbstractUnmarshallerImpl.java:128)
	at jakarta.xml.bind.helpers.AbstractUnmarshallerImpl.unmarshal(AbstractUnmarshallerImpl.java:111)
	at in.adarshr.targetcloner.helper.JaxbHelper.unmarshallWithoutNamespace(JaxbHelper.java:88)
	... 12 common frames omitted
2024-02-24 10:31:11 [main] INFO  i.adarshr.targetcloner.TargetCloner - *** Starting TargetCloner application. ***
2024-02-24 10:31:11 [main] INFO  i.adarshr.targetcloner.TargetCloner - JAXBUtils: in.adarshr.targetcloner.data.TargetDetails@5524cca1
2024-02-24 10:31:11 [main] ERROR i.a.t.utils.TargetClonerUtil - Invalid delivery report url: no protocol: deliveryReport/DeliveryReport.txt
2024-02-24 10:31:11 [main] ERROR i.a.targetcloner.helper.ReportHelper - Failed to read file from directory: deliveryReport\DeliveryReport.txt (The system cannot find the path specified)
2024-02-24 10:31:11 [main] INFO  i.a.targetcloner.helper.ReportHelper - *** Delivery Report Data from File. ***
2024-02-24 10:31:11 [main] INFO  i.adarshr.targetcloner.TargetCloner - *** Delivery report data set completed. ***
2024-02-24 10:31:11 [main] INFO  i.a.targetcloner.helper.ReportHelper - Begin getting jar urls from report
2024-02-24 10:31:11 [main] INFO  i.a.targetcloner.helper.ReportHelper - Jar urls from report: [Repo: tools.orbit.simrel:orbit-aggregation, Repo: in.adarshr:targetgen]
2024-02-24 10:31:11 [main] INFO  i.adarshr.targetcloner.TargetCloner - *** Repo Jar Urls creation based on delivery report is completed. ***
2024-02-24 10:31:11 [main] INFO  i.a.t.helper.ConnectionHelper - Downloading JAR from URL: https://download.eclipse.org/tools/orbit/simrel/orbit-aggregation/release/$VERSION$
2024-02-24 10:31:11 [ForkJoinPool.commonPool-worker-1] INFO  i.a.t.helper.ConnectionHelper - Downloading JAR from URL: https://download.eclipse.org/$GROUP$/$ARTIFACT$/release/$VERSION$
2024-02-24 10:31:13 [ForkJoinPool.commonPool-worker-1] ERROR i.a.t.helper.ConnectionHelper - Failed to open or read JAR from URL: https://download.eclipse.org/$GROUP$/$ARTIFACT$/release/$VERSION$
2024-02-24 10:31:13 [main] ERROR i.a.t.helper.ConnectionHelper - Failed to open or read JAR from URL: https://download.eclipse.org/tools/orbit/simrel/orbit-aggregation/release/$VERSION$
2024-02-24 10:31:13 [main] INFO  i.adarshr.targetcloner.TargetCloner - *** Repo Jar Urls download completed. ***
2024-02-24 10:31:13 [main] ERROR i.a.targetcloner.helper.XMLHelper - XML is null or empty
2024-02-24 10:31:13 [ForkJoinPool.commonPool-worker-1] ERROR i.a.targetcloner.helper.XMLHelper - XML is null or empty
2024-02-24 10:31:13 [main] INFO  i.adarshr.targetcloner.TargetCloner - *** Repo Jar Urls parsing completed. ***
2024-02-24 10:31:13 [main] INFO  i.adarshr.targetcloner.TargetCloner - *** Repo Map List created based on delivery report completed. ***
2024-02-24 10:31:13 [main] INFO  i.adarshr.targetcloner.TargetCloner - *** Target file creation completed. ***
2024-02-24 10:31:13 [main] INFO  i.a.targetcloner.helper.XMLHelper - File created successfully C:\Users\adarz\IdeaProjects\TargetGenCloner\output\BAG_ABC_4.29.0_4.29.0.target
2024-02-24 10:31:13 [main] INFO  i.a.targetcloner.helper.XMLHelper - XML file created successfully
2024-02-24 10:31:13 [main] INFO  i.adarshr.targetcloner.TargetCloner - *** Target files are written to disk. ***
2024-02-24 10:31:13 [main] INFO  i.adarshr.targetcloner.TargetCloner - *** All tasks completed. ***
2024-02-24 10:32:43 [main] INFO  i.adarshr.targetcloner.TargetCloner - *** Starting TargetCloner application. ***
2024-02-24 10:32:43 [main] INFO  i.adarshr.targetcloner.TargetCloner - JAXBUtils: in.adarshr.targetcloner.data.TargetDetails@5524cca1
2024-02-24 10:32:43 [main] ERROR i.a.t.utils.TargetClonerUtil - Invalid delivery report url: no protocol: report/DeliveryReport.txt
2024-02-24 10:32:43 [main] INFO  i.a.targetcloner.helper.ReportHelper - *** Delivery Report Data from File. ***
2024-02-24 10:32:43 [main] INFO  i.adarshr.targetcloner.TargetCloner - *** Delivery report data set completed. ***
2024-02-24 10:32:43 [main] INFO  i.a.targetcloner.helper.ReportHelper - Begin getting jar urls from report
2024-02-24 10:32:44 [main] INFO  i.a.targetcloner.helper.ReportHelper - Before repo URL: https://download.eclipse.org/$GROUP$/$ARTIFACT$/release/$VERSION$ 
2024-02-24 10:32:44 [main] INFO  i.a.targetcloner.helper.ReportHelper - After repo URL: https://download.eclipse.org/tools.orbit.simrel/orbit-aggregation/release/4.29.0/content.jar
2024-02-24 10:32:44 [main] INFO  i.a.targetcloner.helper.ReportHelper - Before repo URL: https://download.eclipse.org/tools/orbit/simrel/orbit-aggregation/release/$VERSION$ 
2024-02-24 10:32:44 [main] INFO  i.a.targetcloner.helper.ReportHelper - After repo URL: https://download.eclipse.org/tools/orbit/simrel/orbit-aggregation/release/4.30.0/content.jar
2024-02-24 10:32:44 [main] INFO  i.a.targetcloner.helper.ReportHelper - Jar urls from report: [Repo: tools.orbit.simrel:orbit-aggregation, Repo: in.adarshr:targetgen]
2024-02-24 10:32:44 [main] INFO  i.adarshr.targetcloner.TargetCloner - *** Repo Jar Urls creation based on delivery report is completed. ***
2024-02-24 10:32:44 [main] INFO  i.a.t.helper.ConnectionHelper - Downloading JAR from URL: https://download.eclipse.org/tools/orbit/simrel/orbit-aggregation/release/4.30.0/content.jar
2024-02-24 10:32:44 [ForkJoinPool.commonPool-worker-1] INFO  i.a.t.helper.ConnectionHelper - Downloading JAR from URL: https://download.eclipse.org/tools.orbit.simrel/orbit-aggregation/release/4.29.0/content.jar
2024-02-24 10:32:45 [ForkJoinPool.commonPool-worker-1] ERROR i.a.t.helper.ConnectionHelper - Failed to open or read JAR from URL: https://download.eclipse.org/tools.orbit.simrel/orbit-aggregation/release/4.29.0/content.jar
2024-02-24 10:32:46 [main] ERROR i.a.t.helper.ConnectionHelper - Failed to open or read JAR from URL: https://download.eclipse.org/tools/orbit/simrel/orbit-aggregation/release/4.30.0/content.jar
2024-02-24 10:32:46 [main] INFO  i.adarshr.targetcloner.TargetCloner - *** Repo Jar Urls download completed. ***
2024-02-24 10:32:46 [ForkJoinPool.commonPool-worker-1] ERROR i.a.targetcloner.helper.XMLHelper - XML is null or empty
2024-02-24 10:32:47 [main] INFO  i.adarshr.targetcloner.TargetCloner - *** Repo Jar Urls parsing completed. ***
2024-02-24 10:32:47 [main] INFO  i.a.targetcloner.helper.ReportHelper - Before repo URL: https://download.eclipse.org/$GROUP$/$ARTIFACT$/release/$VERSION$ 
2024-02-24 10:32:47 [main] INFO  i.a.targetcloner.helper.ReportHelper - After repo URL: https://download.eclipse.org/tools.orbit.simrel/orbit-aggregation/release/4.29.0/content.jar
2024-02-24 10:32:47 [main] INFO  i.a.targetcloner.helper.ReportHelper - Before repo URL: https://download.eclipse.org/tools/orbit/simrel/orbit-aggregation/release/$VERSION$ 
2024-02-24 10:32:47 [main] INFO  i.a.targetcloner.helper.ReportHelper - After repo URL: https://download.eclipse.org/tools/orbit/simrel/orbit-aggregation/release/4.30.0/content.jar
2024-02-24 10:32:47 [main] INFO  i.adarshr.targetcloner.TargetCloner - *** Repo Map List created based on delivery report completed. ***
2024-02-24 10:32:47 [main] INFO  i.adarshr.targetcloner.TargetCloner - *** Target file creation completed. ***
2024-02-24 10:32:47 [main] INFO  i.a.targetcloner.helper.XMLHelper - File created successfully C:\Users\adarz\IdeaProjects\TargetGenCloner\output\BAG_ABC_4.29.0_4.29.0.target
2024-02-24 10:32:47 [main] INFO  i.a.targetcloner.helper.XMLHelper - XML file created successfully
2024-02-24 10:32:47 [main] INFO  i.adarshr.targetcloner.TargetCloner - *** Target files are written to disk. ***
2024-02-24 10:32:47 [main] INFO  i.adarshr.targetcloner.TargetCloner - *** All tasks completed. ***
